
*------------------------------------*
*                                    *
*   SYSTEMA V4 APPLICATION LOG FILE  *
*                                    *
*------------------------------------*



              **********

      Mapping Computation


Execution started on Fri Dec 15 15:30:25 2017



 Number of active threads : 7 ( / 7 available)

State  1 : Initialization                                                      Time :  Fri Dec 15 15:30:25 2017

DUMP MAPPING PARAMS
-------------------

 - model name            : IRF_Mission.sysset
 - dose curve            : SSO_640.DOSE

 - seed                  : 876743
 - space divisions       : 0

 - computation method    :
    - solid sphere / slant
    - shell sphere / norm

 - number of rays / mesh : 10000

MODEL INFO
----------

 - nb models       : 1
 - nb surfaces     : 61
 - nb mesh         : 1200
 - nb volumes      : 0
 - nb vmesh        : 0
 Model names :
   - 


COMPUTING VIRTUAL NODES INFO
----------------------------

 - nb volumes         : 0
 - nb honeycomb cores : 0

No volume in the meshing



No honeycomb cores in the meshing



State  2 : DOSE ray-tracing                                                    Time :  Fri Dec 15 15:30:25 2017




Execution completed on Fri Dec 15 15:30:36 2017




