
*------------------------------------*
*                                    *
*   SYSTEMA V4 APPLICATION LOG FILE  *
*                                    *
*------------------------------------*



              **********

      Mapping Computation


Execution started on Mon Nov 20 09:22:32 2017



 Number of active threads : 7 ( / 7 available)

State  1 : Initialization                                                      Time :  Mon Nov 20 09:22:32 2017

DUMP MAPPING PARAMS
-------------------

 - model name            : mission.sysset
 - dose curve            : test.dose

 - seed                  : 876743
 - space divisions       : 0

 - computation method    :
    - solid sphere / slant
    - shell sphere / norm

 - number of rays / mesh : 10000

MODEL INFO
----------

 - nb models       : 1
 - nb surfaces     : 169
 - nb mesh         : 200
 - nb volumes      : 0
 - nb vmesh        : 0
 Model names :
   - 


COMPUTING VIRTUAL NODES INFO
----------------------------

 - nb volumes         : 0
 - nb honeycomb cores : 0

No volume in the meshing



No honeycomb cores in the meshing



State  2 : DOSE ray-tracing                                                    Time :  Mon Nov 20 09:22:32 2017




Execution completed on Mon Nov 20 09:22:35 2017




