
*------------------------------------*
*                                    *
*   SYSTEMA V4 APPLICATION LOG FILE  *
*                                    *
*------------------------------------*



              **********

      Mapping Computation


Execution started on Fri Mar 09 19:30:22 2012



 Number of active threads : 1 ( / 1 available)

State  1 : Initialization                                                      Time :  Fri Mar 09 19:30:22 2012

DUMP MAPPING PARAMS
-------------------

 - model name            : mapping.sysset
 - dose curve            : test.dose

 - seed                  : 876743
 - space divisions       : 0

 - computation method    :
    - solid sphere / slant
    - shell sphere / norm

 - number of rays / mesh : 10000

MODEL INFO
----------

 - nb models       : 1
 - nb surfaces     : 169
 - nb meshes       : 200
 Model names :
   - 


COMPUTING VIRTUAL NODES INFO
----------------------------

 - nb volumes         : 0
 - nb honeycomb cores : 0

No volume in the meshing



No honeycomb cores in the meshing



State  2 : DOSE ray-tracing                                                    Time :  Fri Mar 09 19:30:23 2012




Execution completed on Fri Mar 09 19:30:33 2012




